\BOOKMARK [0][-]{section*.2}{\376\377\000A\000b\000b\000i\000l\000d\000u\000n\000g\000s\000v\000e\000r\000z\000e\000i\000c\000h\000n\000i\000s}{}% 1
\BOOKMARK [0][-]{section*.4}{\376\377\000T\000a\000b\000e\000l\000l\000e\000n\000v\000e\000r\000z\000e\000i\000c\000h\000n\000i\000s}{}% 2
\BOOKMARK [0][-]{chapter*.7}{\376\377\000L\000i\000s\000t\000i\000n\000g\000v\000e\000r\000z\000e\000i\000c\000h\000n\000i\000s}{}% 3
\BOOKMARK [0][-]{chapter.1}{\376\377\000V\000e\000r\000s\000u\000c\000h\000\040\0001}{}% 4
\BOOKMARK [1][-]{section.1.1}{\376\377\000F\000r\000a\000g\000e\000s\000t\000e\000l\000l\000u\000n\000g\000,\000\040\000M\000e\000s\000s\000p\000r\000i\000n\000z\000i\000p\000,\000\040\000A\000u\000f\000b\000a\000u\000,\000\040\000M\000e\000s\000s\000m\000i\000t\000t\000e\000l}{chapter.1}% 5
\BOOKMARK [1][-]{section.1.2}{\376\377\000M\000e\000s\000s\000w\000e\000r\000t\000e}{chapter.1}% 6
\BOOKMARK [1][-]{section.1.3}{\376\377\000A\000u\000s\000w\000e\000r\000t\000u\000n\000g}{chapter.1}% 7
\BOOKMARK [2][-]{subsection.1.3.1}{\376\377\000P\000r\000i\000n\000z\000i\000p\000\040\000d\000e\000r\000\040\000A\000u\000s\000w\000e\000r\000t\000u\000n\000g}{section.1.3}% 8
\BOOKMARK [2][-]{subsection.1.3.2}{\376\377\000T\000a\000b\000e\000l\000l\000e\000:\000\040\000M\000i\000t\000t\000e\000l\000w\000e\000r\000t\000e\000\040\000u\000n\000d\000\040\000S\000t\000a\000n\000d\000a\000r\000d\000a\000b\000w\000e\000i\000c\000h\000u\000n\000g}{section.1.3}% 9
\BOOKMARK [2][-]{subsection.1.3.3}{\376\377\000P\000l\000o\000t\000s}{section.1.3}% 10
\BOOKMARK [1][-]{section.1.4}{\376\377\000I\000n\000t\000e\000r\000p\000r\000e\000t\000a\000t\000i\000o\000n}{chapter.1}% 11
\BOOKMARK [0][-]{chapter.2}{\376\377\000V\000e\000r\000s\000u\000c\000h\000\040\0002}{}% 12
\BOOKMARK [1][-]{section.2.1}{\376\377\000F\000r\000a\000g\000e\000s\000t\000e\000l\000l\000u\000n\000g\000,\000\040\000M\000e\000s\000s\000p\000r\000i\000n\000z\000i\000p\000,\000\040\000A\000u\000f\000b\000a\000u\000,\000\040\000M\000e\000s\000s\000m\000i\000t\000t\000e\000l}{chapter.2}% 13
\BOOKMARK [1][-]{section.2.2}{\376\377\000M\000e\000s\000s\000w\000e\000r\000t\000e}{chapter.2}% 14
\BOOKMARK [1][-]{section.2.3}{\376\377\000A\000u\000s\000w\000e\000r\000t\000u\000n\000g}{chapter.2}% 15
\BOOKMARK [1][-]{section.2.4}{\376\377\000I\000n\000t\000e\000r\000p\000r\000e\000t\000a\000t\000i\000o\000n}{chapter.2}% 16
\BOOKMARK [0][-]{chapter.3}{\376\377\000V\000e\000r\000s\000u\000c\000h\000\040\0003}{}% 17
\BOOKMARK [1][-]{section.3.1}{\376\377\000F\000r\000a\000g\000e\000s\000t\000e\000l\000l\000u\000n\000g\000,\000\040\000M\000e\000s\000s\000p\000r\000i\000n\000z\000i\000p\000,\000\040\000A\000u\000f\000b\000a\000u\000,\000\040\000M\000e\000s\000s\000m\000i\000t\000t\000e\000l}{chapter.3}% 18
\BOOKMARK [2][-]{subsection.3.1.1}{\376\377\000F\000r\000a\000g\000e\000s\000t\000e\000l\000l\000u\000n\000g}{section.3.1}% 19
\BOOKMARK [2][-]{subsection.3.1.2}{\376\377\000M\000e\000s\000s\000p\000r\000i\000n\000z\000i\000p\000,\000\040\000A\000u\000f\000b\000a\000u\000,\000\040\000M\000e\000s\000s\000m\000i\000t\000t\000e\000l}{section.3.1}% 20
\BOOKMARK [1][-]{section.3.2}{\376\377\000M\000e\000s\000s\000w\000e\000r\000t\000e}{chapter.3}% 21
\BOOKMARK [1][-]{section.3.3}{\376\377\000A\000u\000s\000w\000e\000r\000t\000u\000n\000g}{chapter.3}% 22
\BOOKMARK [2][-]{subsection.3.3.1}{\376\377\000T\000e\000i\000l\000\040\000a\000:\000\040\000E\000r\000m\000i\000t\000t\000l\000u\000n\000g\000\040\000d\000e\000s\000\040\000M\000e\000s\000s\000f\000e\000h\000l\000e\000r\000s}{section.3.3}% 23
\BOOKMARK [2][-]{subsection.3.3.2}{\376\377\000T\000e\000i\000l\000\040\000b\000:\000\040\000F\000l\000\344\000c\000h\000e\000n\000m\000e\000s\000s\000u\000n\000g}{section.3.3}% 24
\BOOKMARK [1][-]{section.3.4}{\376\377\000I\000n\000t\000e\000r\000p\000r\000e\000t\000a\000t\000i\000o\000n}{chapter.3}% 25
\BOOKMARK [0][-]{chapter*.14}{\376\377\000A\000n\000h\000a\000n\000g}{}% 26
\BOOKMARK [1][-]{section.4.1}{\376\377\000Q\000u\000e\000l\000l\000c\000o\000d\000e}{chapter*.14}% 27
\BOOKMARK [1][-]{section.4.2}{\376\377\000M\000e\000s\000s\000e\000r\000g\000e\000b\000n\000i\000s\000s\000e}{chapter*.14}% 28
